2022-06-30 22:05:11,580 INFO: [INFO THREAD] Updating
2022-06-30 22:06:05,991 INFO: [SERVER] New connection: Connected to 192.168.3.2
2022-06-30 22:06:05,994 INFO: [SERVER] Active connection: 1
2022-06-30 22:06:06,017 INFO: [192.168.3.2] admin;Mouradost31!AUTH& 23
2022-06-30 22:06:06,018 INFO: [192.168.3.2] admin;Mouradost31!AUTH
2022-06-30 22:06:11,547 INFO: [INFO THREAD] Updating
2022-06-30 22:07:11,554 INFO: [INFO THREAD] Updating
2022-06-30 22:07:57,893 INFO: [192.168.3.2] admin;Mouradost31!AUTH& 23
2022-06-30 22:07:57,894 INFO: [192.168.3.2] admin;Mouradost31!AUTH
2022-06-30 22:08:11,558 INFO: [INFO THREAD] Updating
2022-06-30 22:09:11,563 INFO: [INFO THREAD] Updating
2022-06-30 22:10:00,762 INFO: [192.168.3.2] Server down
2022-06-30 22:10:00,787 INFO: [SERVER] Server is stopped
2022-06-30 22:10:00,787 INFO: [INFO THREAD] Stopped
2022-06-30 22:10:00,788 INFO: [MAIN UI] Info thread deleted and stopped
2022-06-30 22:10:00,836 INFO: [MAIN UI] Server deleted and stopped
2022-06-30 22:10:00,837 INFO: [192.168.3.2]  0
2022-06-30 22:10:00,837 INFO: [192.168.3.2] 
2022-06-30 22:10:00,837 INFO: [192.168.3.2] 
2022-06-30 22:10:00,838 INFO: [SERVER] Server is not connected anymore to 192.168.3.2
2022-06-30 22:11:04,196 DEBUG: uiname is w_dashboard
2022-06-30 22:11:04,196 DEBUG: toplevel widget is DashBoard
2022-06-30 22:11:04,196 DEBUG: setting property geometry
2022-06-30 22:11:04,196 DEBUG: setting property windowTitle
2022-06-30 22:11:04,196 DEBUG: setting property styleSheet
2022-06-30 22:11:04,196 DEBUG: push DashBoard w_dashboard
2022-06-30 22:11:04,196 DEBUG: setting property leftMargin
2022-06-30 22:11:04,196 DEBUG: setting property topMargin
2022-06-30 22:11:04,196 DEBUG: setting property rightMargin
2022-06-30 22:11:04,196 DEBUG: setting property bottomMargin
2022-06-30 22:11:04,198 DEBUG: setting property horizontalSpacing
2022-06-30 22:11:04,198 DEBUG: setting property verticalSpacing
2022-06-30 22:11:04,198 DEBUG: setting property pyuicMargins
2022-06-30 22:11:04,198 DEBUG: setting property pyuicSpacing
2022-06-30 22:11:04,198 DEBUG: push QGridLayout gridLayout
2022-06-30 22:11:04,198 DEBUG: setting property sizePolicy
2022-06-30 22:11:04,198 DEBUG: setting property frameShape
2022-06-30 22:11:04,198 DEBUG: setting property frameShadow
2022-06-30 22:11:04,198 DEBUG: push QFrame f_date_start
2022-06-30 22:11:04,198 DEBUG: setting property spacing
2022-06-30 22:11:04,199 DEBUG: setting property leftMargin
2022-06-30 22:11:04,199 DEBUG: setting property topMargin
2022-06-30 22:11:04,199 DEBUG: setting property rightMargin
2022-06-30 22:11:04,199 DEBUG: setting property bottomMargin
2022-06-30 22:11:04,199 DEBUG: setting property pyuicMargins
2022-06-30 22:11:04,199 DEBUG: setting property pyuicSpacing
2022-06-30 22:11:04,199 DEBUG: push QHBoxLayout horizontalLayout
2022-06-30 22:11:04,199 DEBUG: setting property sizePolicy
2022-06-30 22:11:04,199 DEBUG: setting property font
2022-06-30 22:11:04,199 DEBUG: setting property text
2022-06-30 22:11:04,199 DEBUG: setting property alignment
2022-06-30 22:11:04,199 DEBUG: push QLabel label_10
2022-06-30 22:11:04,200 DEBUG: pop widget QLabel label_10
2022-06-30 22:11:04,200 DEBUG: new topwidget <PyQt5.QtWidgets.QFrame object at 0x000001E214575700>
2022-06-30 22:11:04,200 DEBUG: setting property font
2022-06-30 22:11:04,200 DEBUG: setting property styleSheet
2022-06-30 22:11:04,200 DEBUG: setting property calendarPopup
2022-06-30 22:11:04,201 DEBUG: push QDateTimeEdit de_dashboard_date_end
2022-06-30 22:11:04,201 DEBUG: pop widget QDateTimeEdit de_dashboard_date_end
2022-06-30 22:11:04,201 DEBUG: new topwidget <PyQt5.QtWidgets.QFrame object at 0x000001E214575700>
2022-06-30 22:11:04,201 DEBUG: pop layout QHBoxLayout horizontalLayout
2022-06-30 22:11:04,201 DEBUG: pop widget QFrame f_date_start
2022-06-30 22:11:04,201 DEBUG: new topwidget <Utilities.DashBoardShow.DashBoard object at 0x000001E21456D670>
2022-06-30 22:11:04,201 DEBUG: setting property sizePolicy
2022-06-30 22:11:04,201 DEBUG: setting property styleSheet
2022-06-30 22:11:04,201 DEBUG: setting property frameShape
2022-06-30 22:11:04,201 DEBUG: setting property frameShadow
2022-06-30 22:11:04,202 DEBUG: push QFrame f_date_end
2022-06-30 22:11:04,202 DEBUG: setting property spacing
2022-06-30 22:11:04,202 DEBUG: setting property leftMargin
2022-06-30 22:11:04,202 DEBUG: setting property topMargin
2022-06-30 22:11:04,202 DEBUG: setting property rightMargin
2022-06-30 22:11:04,202 DEBUG: setting property bottomMargin
2022-06-30 22:11:04,202 DEBUG: setting property pyuicMargins
2022-06-30 22:11:04,202 DEBUG: setting property pyuicSpacing
2022-06-30 22:11:04,202 DEBUG: push QHBoxLayout horizontalLayout_2
2022-06-30 22:11:04,202 DEBUG: setting property sizePolicy
2022-06-30 22:11:04,202 DEBUG: setting property font
2022-06-30 22:11:04,203 DEBUG: setting property text
2022-06-30 22:11:04,203 DEBUG: setting property alignment
2022-06-30 22:11:04,203 DEBUG: push QLabel label_9
2022-06-30 22:11:04,203 DEBUG: pop widget QLabel label_9
2022-06-30 22:11:04,203 DEBUG: new topwidget <PyQt5.QtWidgets.QFrame object at 0x000001E21457E1F0>
2022-06-30 22:11:04,203 DEBUG: setting property font
2022-06-30 22:11:04,203 DEBUG: setting property styleSheet
2022-06-30 22:11:04,205 DEBUG: setting property calendarPopup
2022-06-30 22:11:04,205 DEBUG: push QDateTimeEdit de_dashboard_date_start
2022-06-30 22:11:04,205 DEBUG: pop widget QDateTimeEdit de_dashboard_date_start
2022-06-30 22:11:04,205 DEBUG: new topwidget <PyQt5.QtWidgets.QFrame object at 0x000001E21457E1F0>
2022-06-30 22:11:04,205 DEBUG: pop layout QHBoxLayout horizontalLayout_2
2022-06-30 22:11:04,205 DEBUG: pop widget QFrame f_date_end
2022-06-30 22:11:04,205 DEBUG: new topwidget <Utilities.DashBoardShow.DashBoard object at 0x000001E21456D670>
2022-06-30 22:11:04,206 DEBUG: setting property styleSheet
2022-06-30 22:11:04,206 DEBUG: setting property frameShape
2022-06-30 22:11:04,206 DEBUG: setting property widgetResizable
2022-06-30 22:11:04,206 DEBUG: push QScrollArea sa
2022-06-30 22:11:04,206 DEBUG: setting property geometry
2022-06-30 22:11:04,206 DEBUG: push QWidget scrollAreaWidgetContents
2022-06-30 22:11:04,207 DEBUG: push QGridLayout gridLayout_2
2022-06-30 22:11:04,207 DEBUG: setting property sizePolicy
2022-06-30 22:11:04,207 DEBUG: setting property styleSheet
2022-06-30 22:11:04,207 DEBUG: setting property frameShape
2022-06-30 22:11:04,207 DEBUG: setting property frameShadow
2022-06-30 22:11:04,207 DEBUG: push QFrame f_dashboard_best_sellin_product
2022-06-30 22:11:04,207 DEBUG: setting property leftMargin
2022-06-30 22:11:04,207 DEBUG: setting property topMargin
2022-06-30 22:11:04,207 DEBUG: setting property rightMargin
2022-06-30 22:11:04,207 DEBUG: setting property bottomMargin
2022-06-30 22:11:04,207 DEBUG: setting property spacing
2022-06-30 22:11:04,207 DEBUG: setting property pyuicMargins
2022-06-30 22:11:04,207 DEBUG: setting property pyuicSpacing
2022-06-30 22:11:04,207 DEBUG: push QGridLayout gridLayout_31
2022-06-30 22:11:04,207 DEBUG: setting property font
2022-06-30 22:11:04,207 DEBUG: setting property text
2022-06-30 22:11:04,208 DEBUG: setting property alignment
2022-06-30 22:11:04,208 DEBUG: push QLabel label_25
2022-06-30 22:11:04,208 DEBUG: pop widget QLabel label_25
2022-06-30 22:11:04,208 DEBUG: new topwidget <PyQt5.QtWidgets.QFrame object at 0x000001E214588040>
2022-06-30 22:11:04,208 DEBUG: pop layout QGridLayout gridLayout_31
2022-06-30 22:11:04,208 DEBUG: pop widget QFrame f_dashboard_best_sellin_product
2022-06-30 22:11:04,208 DEBUG: new topwidget <PyQt5.QtWidgets.QWidget object at 0x000001E214585040>
2022-06-30 22:11:04,208 DEBUG: setting property sizePolicy
2022-06-30 22:11:04,208 DEBUG: setting property styleSheet
2022-06-30 22:11:04,208 DEBUG: setting property frameShape
2022-06-30 22:11:04,208 DEBUG: setting property frameShadow
2022-06-30 22:11:04,208 DEBUG: push QFrame f_dashboard_worker_ranking
2022-06-30 22:11:04,210 DEBUG: setting property leftMargin
2022-06-30 22:11:04,210 DEBUG: setting property topMargin
2022-06-30 22:11:04,210 DEBUG: setting property rightMargin
2022-06-30 22:11:04,210 DEBUG: setting property bottomMargin
2022-06-30 22:11:04,210 DEBUG: setting property spacing
2022-06-30 22:11:04,210 DEBUG: setting property pyuicMargins
2022-06-30 22:11:04,210 DEBUG: setting property pyuicSpacing
2022-06-30 22:11:04,210 DEBUG: push QGridLayout gridLayout_28
2022-06-30 22:11:04,210 DEBUG: setting property font
2022-06-30 22:11:04,210 DEBUG: setting property text
2022-06-30 22:11:04,210 DEBUG: setting property alignment
2022-06-30 22:11:04,210 DEBUG: push QLabel label_19
2022-06-30 22:11:04,211 DEBUG: pop widget QLabel label_19
2022-06-30 22:11:04,211 DEBUG: new topwidget <PyQt5.QtWidgets.QFrame object at 0x000001E21458B160>
2022-06-30 22:11:04,211 DEBUG: pop layout QGridLayout gridLayout_28
2022-06-30 22:11:04,211 DEBUG: pop widget QFrame f_dashboard_worker_ranking
2022-06-30 22:11:04,211 DEBUG: new topwidget <PyQt5.QtWidgets.QWidget object at 0x000001E214585040>
2022-06-30 22:11:04,211 DEBUG: setting property sizePolicy
2022-06-30 22:11:04,211 DEBUG: setting property styleSheet
2022-06-30 22:11:04,211 DEBUG: setting property frameShape
2022-06-30 22:11:04,211 DEBUG: setting property frameShadow
2022-06-30 22:11:04,211 DEBUG: push QFrame f_dashboard_worker_attendance_ranking
2022-06-30 22:11:04,211 DEBUG: setting property leftMargin
2022-06-30 22:11:04,211 DEBUG: setting property topMargin
2022-06-30 22:11:04,212 DEBUG: setting property rightMargin
2022-06-30 22:11:04,212 DEBUG: setting property bottomMargin
2022-06-30 22:11:04,212 DEBUG: setting property spacing
2022-06-30 22:11:04,212 DEBUG: setting property pyuicMargins
2022-06-30 22:11:04,212 DEBUG: setting property pyuicSpacing
2022-06-30 22:11:04,212 DEBUG: push QGridLayout gridLayout_32
2022-06-30 22:11:04,212 DEBUG: setting property font
2022-06-30 22:11:04,212 DEBUG: setting property text
2022-06-30 22:11:04,212 DEBUG: setting property alignment
2022-06-30 22:11:04,212 DEBUG: push QLabel label_11
2022-06-30 22:11:04,212 DEBUG: pop widget QLabel label_11
2022-06-30 22:11:04,212 DEBUG: new topwidget <PyQt5.QtWidgets.QFrame object at 0x000001E214591820>
2022-06-30 22:11:04,213 DEBUG: pop layout QGridLayout gridLayout_32
2022-06-30 22:11:04,213 DEBUG: pop widget QFrame f_dashboard_worker_attendance_ranking
2022-06-30 22:11:04,213 DEBUG: new topwidget <PyQt5.QtWidgets.QWidget object at 0x000001E214585040>
2022-06-30 22:11:04,213 DEBUG: setting property sizePolicy
2022-06-30 22:11:04,213 DEBUG: setting property styleSheet
2022-06-30 22:11:04,213 DEBUG: setting property frameShape
2022-06-30 22:11:04,213 DEBUG: setting property frameShadow
2022-06-30 22:11:04,213 DEBUG: push QFrame f_dashboard_customer_ranking
2022-06-30 22:11:04,213 DEBUG: setting property leftMargin
2022-06-30 22:11:04,213 DEBUG: setting property topMargin
2022-06-30 22:11:04,214 DEBUG: setting property rightMargin
2022-06-30 22:11:04,214 DEBUG: setting property bottomMargin
2022-06-30 22:11:04,214 DEBUG: setting property spacing
2022-06-30 22:11:04,214 DEBUG: setting property pyuicMargins
2022-06-30 22:11:04,214 DEBUG: setting property pyuicSpacing
2022-06-30 22:11:04,214 DEBUG: push QGridLayout gridLayout_27
2022-06-30 22:11:04,214 DEBUG: setting property font
2022-06-30 22:11:04,214 DEBUG: setting property text
2022-06-30 22:11:04,214 DEBUG: setting property alignment
2022-06-30 22:11:04,214 DEBUG: push QLabel label
2022-06-30 22:11:04,214 DEBUG: pop widget QLabel label
2022-06-30 22:11:04,214 DEBUG: new topwidget <PyQt5.QtWidgets.QFrame object at 0x000001E214599D30>
2022-06-30 22:11:04,215 DEBUG: pop layout QGridLayout gridLayout_27
2022-06-30 22:11:04,215 DEBUG: pop widget QFrame f_dashboard_customer_ranking
2022-06-30 22:11:04,215 DEBUG: new topwidget <PyQt5.QtWidgets.QWidget object at 0x000001E214585040>
2022-06-30 22:11:04,215 DEBUG: setting property sizePolicy
2022-06-30 22:11:04,215 DEBUG: setting property styleSheet
2022-06-30 22:11:04,215 DEBUG: setting property frameShape
2022-06-30 22:11:04,215 DEBUG: setting property frameShadow
2022-06-30 22:11:04,215 DEBUG: push QFrame f_dashboard_totals
2022-06-30 22:11:04,215 DEBUG: setting property spacing
2022-06-30 22:11:04,215 DEBUG: setting property leftMargin
2022-06-30 22:11:04,215 DEBUG: setting property topMargin
2022-06-30 22:11:04,215 DEBUG: setting property rightMargin
2022-06-30 22:11:04,215 DEBUG: setting property bottomMargin
2022-06-30 22:11:04,215 DEBUG: setting property pyuicMargins
2022-06-30 22:11:04,215 DEBUG: setting property pyuicSpacing
2022-06-30 22:11:04,215 DEBUG: push QHBoxLayout horizontalLayout_57
2022-06-30 22:11:04,215 DEBUG: setting property sizePolicy
2022-06-30 22:11:04,215 DEBUG: setting property styleSheet
2022-06-30 22:11:04,215 DEBUG: setting property frameShape
2022-06-30 22:11:04,216 DEBUG: setting property frameShadow
2022-06-30 22:11:04,216 DEBUG: push QFrame f_dashboard_total_earning
2022-06-30 22:11:04,216 DEBUG: setting property leftMargin
2022-06-30 22:11:04,216 DEBUG: setting property topMargin
2022-06-30 22:11:04,216 DEBUG: setting property rightMargin
2022-06-30 22:11:04,216 DEBUG: setting property bottomMargin
2022-06-30 22:11:04,216 DEBUG: setting property spacing
2022-06-30 22:11:04,216 DEBUG: setting property pyuicMargins
2022-06-30 22:11:04,216 DEBUG: setting property pyuicSpacing
2022-06-30 22:11:04,216 DEBUG: push QGridLayout gridLayout_26
2022-06-30 22:11:04,216 DEBUG: setting property sizePolicy
2022-06-30 22:11:04,216 DEBUG: setting property font
2022-06-30 22:11:04,217 DEBUG: setting property text
2022-06-30 22:11:04,217 DEBUG: setting property alignment
2022-06-30 22:11:04,217 DEBUG: push QLabel label_8
2022-06-30 22:11:04,217 DEBUG: pop widget QLabel label_8
2022-06-30 22:11:04,217 DEBUG: new topwidget <PyQt5.QtWidgets.QFrame object at 0x000001E2128DB040>
2022-06-30 22:11:04,217 DEBUG: setting property sizePolicy
2022-06-30 22:11:04,217 DEBUG: setting property font
2022-06-30 22:11:04,217 DEBUG: setting property text
2022-06-30 22:11:04,217 DEBUG: setting property alignment
2022-06-30 22:11:04,218 DEBUG: push QLabel l_dashboard_total_earning
2022-06-30 22:11:04,218 DEBUG: pop widget QLabel l_dashboard_total_earning
2022-06-30 22:11:04,218 DEBUG: new topwidget <PyQt5.QtWidgets.QFrame object at 0x000001E2128DB040>
2022-06-30 22:11:04,218 DEBUG: pop layout QGridLayout gridLayout_26
2022-06-30 22:11:04,218 DEBUG: pop widget QFrame f_dashboard_total_earning
2022-06-30 22:11:04,218 DEBUG: new topwidget <PyQt5.QtWidgets.QFrame object at 0x000001E214599EE0>
2022-06-30 22:11:04,218 DEBUG: setting property sizePolicy
2022-06-30 22:11:04,218 DEBUG: setting property frameShape
2022-06-30 22:11:04,218 DEBUG: setting property frameShadow
2022-06-30 22:11:04,218 DEBUG: push QFrame f_dashboard_total_spending
2022-06-30 22:11:04,218 DEBUG: setting property leftMargin
2022-06-30 22:11:04,219 DEBUG: setting property topMargin
2022-06-30 22:11:04,219 DEBUG: setting property rightMargin
2022-06-30 22:11:04,219 DEBUG: setting property bottomMargin
2022-06-30 22:11:04,219 DEBUG: setting property spacing
2022-06-30 22:11:04,219 DEBUG: setting property pyuicMargins
2022-06-30 22:11:04,219 DEBUG: setting property pyuicSpacing
2022-06-30 22:11:04,219 DEBUG: push QGridLayout gridLayout_10
2022-06-30 22:11:04,219 DEBUG: setting property sizePolicy
2022-06-30 22:11:04,219 DEBUG: setting property font
2022-06-30 22:11:04,219 DEBUG: setting property text
2022-06-30 22:11:04,219 DEBUG: setting property alignment
2022-06-30 22:11:04,219 DEBUG: push QLabel label_4
2022-06-30 22:11:04,219 DEBUG: pop widget QLabel label_4
2022-06-30 22:11:04,219 DEBUG: new topwidget <PyQt5.QtWidgets.QFrame object at 0x000001E2128DB1F0>
2022-06-30 22:11:04,219 DEBUG: setting property sizePolicy
2022-06-30 22:11:04,219 DEBUG: setting property font
2022-06-30 22:11:04,221 DEBUG: setting property text
2022-06-30 22:11:04,221 DEBUG: setting property alignment
2022-06-30 22:11:04,221 DEBUG: push QLabel l_dashboard_total_spending
2022-06-30 22:11:04,221 DEBUG: pop widget QLabel l_dashboard_total_spending
2022-06-30 22:11:04,221 DEBUG: new topwidget <PyQt5.QtWidgets.QFrame object at 0x000001E2128DB1F0>
2022-06-30 22:11:04,221 DEBUG: pop layout QGridLayout gridLayout_10
2022-06-30 22:11:04,221 DEBUG: pop widget QFrame f_dashboard_total_spending
2022-06-30 22:11:04,221 DEBUG: new topwidget <PyQt5.QtWidgets.QFrame object at 0x000001E214599EE0>
2022-06-30 22:11:04,221 DEBUG: setting property sizePolicy
2022-06-30 22:11:04,221 DEBUG: setting property frameShape
2022-06-30 22:11:04,221 DEBUG: setting property frameShadow
2022-06-30 22:11:04,222 DEBUG: push QFrame f_dashboard_total_gain
2022-06-30 22:11:04,222 DEBUG: setting property leftMargin
2022-06-30 22:11:04,222 DEBUG: setting property topMargin
2022-06-30 22:11:04,222 DEBUG: setting property rightMargin
2022-06-30 22:11:04,222 DEBUG: setting property bottomMargin
2022-06-30 22:11:04,222 DEBUG: setting property spacing
2022-06-30 22:11:04,222 DEBUG: setting property pyuicMargins
2022-06-30 22:11:04,222 DEBUG: setting property pyuicSpacing
2022-06-30 22:11:04,222 DEBUG: push QGridLayout gridLayout_25
2022-06-30 22:11:04,222 DEBUG: setting property sizePolicy
2022-06-30 22:11:04,222 DEBUG: setting property font
2022-06-30 22:11:04,223 DEBUG: setting property text
2022-06-30 22:11:04,223 DEBUG: setting property alignment
2022-06-30 22:11:04,223 DEBUG: push QLabel l_dashboard_total_gain
2022-06-30 22:11:04,223 DEBUG: pop widget QLabel l_dashboard_total_gain
2022-06-30 22:11:04,223 DEBUG: new topwidget <PyQt5.QtWidgets.QFrame object at 0x000001E2128DB4C0>
2022-06-30 22:11:04,223 DEBUG: setting property sizePolicy
2022-06-30 22:11:04,223 DEBUG: setting property font
2022-06-30 22:11:04,223 DEBUG: setting property text
2022-06-30 22:11:04,223 DEBUG: setting property alignment
2022-06-30 22:11:04,223 DEBUG: push QLabel label_7
2022-06-30 22:11:04,224 DEBUG: pop widget QLabel label_7
2022-06-30 22:11:04,224 DEBUG: new topwidget <PyQt5.QtWidgets.QFrame object at 0x000001E2128DB4C0>
2022-06-30 22:11:04,224 DEBUG: pop layout QGridLayout gridLayout_25
2022-06-30 22:11:04,224 DEBUG: pop widget QFrame f_dashboard_total_gain
2022-06-30 22:11:04,224 DEBUG: new topwidget <PyQt5.QtWidgets.QFrame object at 0x000001E214599EE0>
2022-06-30 22:11:04,224 DEBUG: pop layout QHBoxLayout horizontalLayout_57
2022-06-30 22:11:04,224 DEBUG: pop widget QFrame f_dashboard_totals
2022-06-30 22:11:04,224 DEBUG: new topwidget <PyQt5.QtWidgets.QWidget object at 0x000001E214585040>
2022-06-30 22:11:04,224 DEBUG: setting property sizePolicy
2022-06-30 22:11:04,224 DEBUG: setting property styleSheet
2022-06-30 22:11:04,224 DEBUG: setting property frameShape
2022-06-30 22:11:04,224 DEBUG: setting property frameShadow
2022-06-30 22:11:04,225 DEBUG: push QFrame f_dashboard_worker_payment
2022-06-30 22:11:04,225 DEBUG: setting property leftMargin
2022-06-30 22:11:04,225 DEBUG: setting property topMargin
2022-06-30 22:11:04,225 DEBUG: setting property rightMargin
2022-06-30 22:11:04,225 DEBUG: setting property bottomMargin
2022-06-30 22:11:04,225 DEBUG: setting property spacing
2022-06-30 22:11:04,225 DEBUG: setting property pyuicMargins
2022-06-30 22:11:04,225 DEBUG: setting property pyuicSpacing
2022-06-30 22:11:04,225 DEBUG: push QGridLayout gridLayout_35
2022-06-30 22:11:04,225 DEBUG: setting property font
2022-06-30 22:11:04,225 DEBUG: setting property text
2022-06-30 22:11:04,225 DEBUG: setting property alignment
2022-06-30 22:11:04,225 DEBUG: push QLabel label_14
2022-06-30 22:11:04,225 DEBUG: pop widget QLabel label_14
2022-06-30 22:11:04,225 DEBUG: new topwidget <PyQt5.QtWidgets.QFrame object at 0x000001E2128DB700>
2022-06-30 22:11:04,225 DEBUG: pop layout QGridLayout gridLayout_35
2022-06-30 22:11:04,226 DEBUG: pop widget QFrame f_dashboard_worker_payment
2022-06-30 22:11:04,226 DEBUG: new topwidget <PyQt5.QtWidgets.QWidget object at 0x000001E214585040>
2022-06-30 22:11:04,226 DEBUG: pop layout QGridLayout gridLayout_2
2022-06-30 22:11:04,226 DEBUG: pop widget QWidget scrollAreaWidgetContents
2022-06-30 22:11:04,226 DEBUG: new topwidget <PyQt5.QtWidgets.QScrollArea object at 0x000001E2145825E0>
2022-06-30 22:11:04,245 DEBUG: pop widget QScrollArea sa
2022-06-30 22:11:04,245 DEBUG: new topwidget <Utilities.DashBoardShow.DashBoard object at 0x000001E21456D670>
2022-06-30 22:11:04,245 DEBUG: pop layout QGridLayout gridLayout
2022-06-30 22:11:04,245 DEBUG: pop widget DashBoard w_dashboard
2022-06-30 22:11:04,245 DEBUG: new topwidget None
2022-06-30 22:11:05,873 INFO: [INFO THREAD] Started
2022-06-30 22:11:06,730 DEBUG: Starting new HTTPS connection (1): www.duckdns.org:443
2022-06-30 22:11:06,748 INFO: [SERVER] Load setting: ServerSetting(IP='192.168.3.2', PORT=7800, MAX_CLIENTS=25, CASHIER_IP='192.168.1.202', KITCHEN_IP='192.168.1.203', PIZZA_IP='192.168.1.203', BAR_IP='192.168.1.202', DRAWER_PIN=2, PATH='d:\\Code\\Python_projects\\PatusNewShop\\Setting\\Setting.json')
2022-06-30 22:11:08,453 DEBUG: https://www.duckdns.org:443 "GET /update?domains=mouradost&token=1feec1b7-2c7a-4118-9588-61ce45682256&verbose=true HTTP/1.1" 200 None
2022-06-30 22:11:08,456 INFO: [SERVER] Server is listening on 192.168.3.2:7800
2022-06-30 22:11:11,198 INFO: [SERVER] New connection: Connected to 192.168.3.2
2022-06-30 22:11:11,203 INFO: [SERVER] Active connection: 1
2022-06-30 22:11:11,223 INFO: [192.168.3.2] admin;Mouradost31!AUTH& 23
2022-06-30 22:11:11,223 INFO: [192.168.3.2] admin;Mouradost31!AUTH
2022-06-30 22:11:11,264 INFO: [192.168.3.2] !MENUCATEGORY&!TABLES& 22
2022-06-30 22:11:11,264 INFO: [192.168.3.2] !MENUCATEGORY&!TABLES
2022-06-30 22:11:11,265 INFO: [192.168.3.2] !MENUCATEGORY&!TABLES
2022-06-30 22:11:21,635 INFO: [192.168.3.2] Server down
2022-06-30 22:11:21,782 INFO: [SERVER] Server is stopped
2022-06-30 22:11:21,783 INFO: [INFO THREAD] Stopped
2022-06-30 22:11:21,783 INFO: [MAIN UI] Info thread deleted and stopped
2022-06-30 22:11:21,811 INFO: [MAIN UI] Server deleted and stopped
2022-06-30 22:11:21,812 INFO: [192.168.3.2]  0
2022-06-30 22:11:21,812 INFO: [192.168.3.2] 
2022-06-30 22:11:21,813 INFO: [192.168.3.2] 
2022-06-30 22:11:21,813 INFO: [SERVER] Server is not connected anymore to 192.168.3.2
2022-07-01 11:20:17,181 ERROR: [SERVER RESTART] [WinError 10049] The requested address is not valid in its context
2022-07-01 11:20:26,764 ERROR: [SERVER] [WinError 10022] An invalid argument was supplied
2022-07-01 23:57:48,316 ERROR: [41.99.8.134] [WinError 10054] An existing connection was forcibly closed by the remote host
2022-07-02 00:31:17,587 ERROR: [105.235.138.35] timed out
2022-07-02 00:34:36,730 ERROR: [192.168.3.4] timed out
2022-07-02 01:03:59,738 ERROR: [192.168.3.4] timed out
2022-07-02 01:08:13,997 ERROR: [41.99.8.134] [WinError 10054] An existing connection was forcibly closed by the remote host
2022-07-02 01:17:42,038 ERROR: [105.235.138.35] timed out
2022-07-02 01:24:00,125 ERROR: [192.168.3.4] timed out
2022-07-02 02:26:09,022 ERROR: [PRINTER THREAD] Kitchen (192.168.1.203) is down with error ([WinError 10060] A connection attempt failed because the connected party did not properly respond after a period of time, or established connection failed because connected host has failed to respond)
2022-07-02 02:37:08,225 ERROR: [PRINTER THREAD] Kitchen (192.168.1.203) is down with error ([WinError 10060] A connection attempt failed because the connected party did not properly respond after a period of time, or established connection failed because connected host has failed to respond)
2022-07-02 02:53:04,383 ERROR: [41.99.8.134] timed out
2022-07-02 02:56:47,482 ERROR: [41.99.8.134] timed out
2022-07-03 04:27:55,346 ERROR: [PRINTER THREAD] Kitchen (192.168.1.203) is down with error ([WinError 10060] A connection attempt failed because the connected party did not properly respond after a period of time, or established connection failed because connected host has failed to respond)
2022-07-03 15:34:34,818 ERROR: [192.168.3.3] timed out
2022-07-03 15:49:18,717 ERROR: [192.168.3.3 ERROR EXPENSE] __init__() got an unexpected keyword argument '_id' 
2022-07-03 16:04:49,829 ERROR: [41.103.235.15] [WinError 10054] An existing connection was forcibly closed by the remote host
2022-07-03 16:04:49,830 ERROR: [41.103.235.15] [WinError 10054] An existing connection was forcibly closed by the remote host
2022-07-03 16:10:01,980 ERROR: [105.235.137.135] [WinError 10054] An existing connection was forcibly closed by the remote host
2022-07-03 17:59:48,165 ERROR: [PRINTER THREAD] Kitchen (192.168.1.203) is down with error ([WinError 10060] A connection attempt failed because the connected party did not properly respond after a period of time, or established connection failed because connected host has failed to respond)
2022-07-03 18:19:27,180 ERROR: [192.168.3.4] timed out
2022-09-26 11:35:49,998 ERROR: No settings found --> 'SHOP_NAME'
2022-09-26 12:56:27,148 ERROR: [SERVER WAN] Could not update wan ip 
 list index out of range
2022-09-26 12:56:49,949 ERROR: [SERVER WAN] Could not update wan ip 
 list index out of range
2022-09-26 12:57:33,075 ERROR: [SERVER WAN] Could not update wan ip 
 list index out of range
2022-09-26 12:57:57,052 ERROR: [PRINTER THREAD] Cashier (192.168.1.201) is down with error ([WinError 10060] A connection attempt failed because the connected party did not properly respond after a period of time, or established connection failed because connected host has failed to respond)
2022-09-26 12:58:36,823 ERROR: [PRINTER THREAD] Cashier (192.168.1.201) is down with error ([WinError 10060] A connection attempt failed because the connected party did not properly respond after a period of time, or established connection failed because connected host has failed to respond)
2022-09-26 13:02:59,289 ERROR: [SERVER WAN] Could not update wan ip 
 HTTPSConnectionPool(host='test', port=443): Max retries exceeded with url: /update?domains=test&token=test&verbose=true (Caused by NewConnectionError('<urllib3.connection.HTTPSConnection object at 0x000002030F6880A0>: Failed to establish a new connection: [Errno 11001] getaddrinfo failed'))
2022-09-26 13:04:12,203 ERROR: [SERVER WAN] Could not update wan ip 
 HTTPSConnectionPool(host='test', port=443): Max retries exceeded with url: /update?domains=test&token=test&verbose=true (Caused by NewConnectionError('<urllib3.connection.HTTPSConnection object at 0x000001959E9460A0>: Failed to establish a new connection: [Errno 11001] getaddrinfo failed'))
2022-09-26 13:04:58,361 ERROR: [SERVER WAN] Could not update wan ip 
 HTTPSConnectionPool(host='test', port=443): Max retries exceeded with url: /update?domains=test&token=test&verbose=true (Caused by NewConnectionError('<urllib3.connection.HTTPSConnection object at 0x000002194D90B0A0>: Failed to establish a new connection: [Errno 11001] getaddrinfo failed'))
2022-09-26 13:05:20,317 ERROR: [SERVER WAN] Could not update wan ip 
 HTTPSConnectionPool(host='test', port=443): Max retries exceeded with url: /update?domains=test&token=test&verbose=true (Caused by NewConnectionError('<urllib3.connection.HTTPSConnection object at 0x000001A833D590A0>: Failed to establish a new connection: [Errno 11001] getaddrinfo failed'))
2022-09-26 13:06:53,355 ERROR: [SERVER WAN] Could not update wan ip 
 HTTPSConnectionPool(host='test', port=443): Max retries exceeded with url: /update?domains=test&token=test&verbose=true (Caused by NewConnectionError('<urllib3.connection.HTTPSConnection object at 0x000001CEF056B0A0>: Failed to establish a new connection: [Errno 11001] getaddrinfo failed'))
2022-09-26 13:07:35,718 ERROR: [SERVER WAN] Could not update wan ip 
 HTTPSConnectionPool(host='test', port=443): Max retries exceeded with url: /update?domains=test&token=test&verbose=true (Caused by NewConnectionError('<urllib3.connection.HTTPSConnection object at 0x000002AFAD6260A0>: Failed to establish a new connection: [Errno 11001] getaddrinfo failed'))
2022-09-26 13:09:21,983 ERROR: [SERVER WAN] Could not update wan ip 
 HTTPSConnectionPool(host='test', port=443): Max retries exceeded with url: /update?domains=test&token=test&verbose=true (Caused by NewConnectionError('<urllib3.connection.HTTPSConnection object at 0x000001F8E178B0D0>: Failed to establish a new connection: [Errno 11001] getaddrinfo failed'))
2022-09-26 13:09:45,234 ERROR: [SERVER WAN] Could not update wan ip 
 HTTPSConnectionPool(host='test', port=443): Max retries exceeded with url: /update?domains=test&token=test&verbose=true (Caused by NewConnectionError('<urllib3.connection.HTTPSConnection object at 0x000001DBEFDC60D0>: Failed to establish a new connection: [Errno 11001] getaddrinfo failed'))
